\BOOKMARK [0][-]{chapter*.2}{Foreword From The Principal}{}% 1
\BOOKMARK [0][-]{chapter*.3}{Keynote Address From The Vice Principal}{}% 2
\BOOKMARK [0][-]{chapter*.6}{Earlier Batch}{}% 3
\BOOKMARK [1][-]{section*.7}{Adaptive Website \( Sanjay C.K. \)}{chapter*.6}% 4
\BOOKMARK [1][-]{section*.8}{An Online Police Diary \( Dam Bahadur Paija Dasari Joshua Rahul Panjiyar Umesh Gurung \)}{chapter*.6}% 5
\BOOKMARK [1][-]{section*.9}{Chameleon \( Binod Khatri Sambhu Sai Sumit Shrestha Yam Bahadur Gurung \)}{chapter*.6}% 6
\BOOKMARK [1][-]{section*.10}{Database Synchronization Through E-mail \( Suman Jojiju Ramesh Thapa Rajan Adhikari Amit Kumar Sahani Kewat \)}{chapter*.6}% 7
\BOOKMARK [1][-]{section*.11}{Desktop Video Conferencing \( Manita Gurung Nirmala Gurung Shanti Thapa \)}{chapter*.6}% 8
\BOOKMARK [1][-]{section*.12}{Easy Web CMS \( Bijay Baniya Sunil Koirala Sushil Sapkota Tilak Shrees Rana \)}{chapter*.6}% 9
\BOOKMARK [1][-]{section*.13}{E-Bidding \( Dinesh Bhandari Subash Adhikari Roshan Adhikari \)}{chapter*.6}% 10
\BOOKMARK [1][-]{section*.14}{E-budgeting \( Dipesh Thapa Ganesh Bhattarai Manoj Gautam Pradeep Acharya \)}{chapter*.6}% 11
\BOOKMARK [1][-]{section*.15}{Electronic Medical Record \( Anisha Kumari Bataju Bigyan Thapa Bijay Neupane Ramesh Baral \)}{chapter*.6}% 12
\BOOKMARK [1][-]{section*.16}{Entrance Result Generator \( Manish Gurung Santosh Sharma \)}{chapter*.6}% 13
\BOOKMARK [1][-]{section*.17}{E-thrive \( Roshan Koirala Samjhana Gautam \)}{chapter*.6}% 14
\BOOKMARK [1][-]{section*.18}{GCES Messenger \( Bishal Maskey Nabin Lamichhane \)}{chapter*.6}% 15
\BOOKMARK [1][-]{section*.19}{GCES Nepali Text To Speech Synthesizer \( Bikram Lal Shrestha Sanjeev Ghimire Amit Shrestha \)}{chapter*.6}% 16
\BOOKMARK [1][-]{section*.20}{Gesture Recognition And Processing \( Ashok Subedi Hari Prasad Khanal Shankar Dev Adhikari \)}{chapter*.6}% 17
\BOOKMARK [1][-]{section*.21}{Hairstyle Matching Software \( Samira Lamichhane Sangita Gurung Sumita Gurung \)}{chapter*.6}% 18
\BOOKMARK [1][-]{section*.22}{Image Crawlee \( Anil Adhikari Niranjan Acharya Prajwal Koirala Kshitiz Shrestha \)}{chapter*.6}% 19
\BOOKMARK [1][-]{section*.23}{Kurakani \040\( Jeevan Gurung Sameer Gurung Sumit Kumar Kashyap Sunil Thapa \)}{chapter*.6}% 20
\BOOKMARK [1][-]{section*.24}{Meaning To Words Dictionary \( Bijay Chandra Koirala Ashish Kumar Gurung Maheshwor G.C. \)}{chapter*.6}% 21
\BOOKMARK [1][-]{section*.25}{Nepali OCR \( Bishnu Thapa Manoj Adhikari Nishan Hitang \)}{chapter*.6}% 22
\BOOKMARK [1][-]{section*.26}{Nepali Parser - Chunker \( Muna Khadka Ramesh Raj Baral Shakeel Shrestha \)}{chapter*.6}% 23
\BOOKMARK [1][-]{section*.27}{Nepali-TTS \( Bikash Bhattarai Prativa Nyaupane Suraj Subedi Suku Kumar Nepali \)}{chapter*.6}% 24
\BOOKMARK [1][-]{section*.28}{NewsHunt \(Nirmal Koirala Rabindra Gautam Ranjan Adhikari Saroj Subedi\)}{chapter*.6}% 25
\BOOKMARK [1][-]{section*.29}{Online Criminal Record Management System \040\( Radhika Bista Narayan Koirala \)}{chapter*.6}% 26
\BOOKMARK [1][-]{section*.30}{Pancheebajaa.com \( Bijen Hirachen Dil Bahadur Thapa Sandip Adhikari \)}{chapter*.6}% 27
\BOOKMARK [1][-]{section*.31}{Parallel Processing and Distributed Computing \040\( Prashanta Poudel Uttam Bhandarai Jenish Sthapit \)}{chapter*.6}% 28
\BOOKMARK [1][-]{section*.32}{Pathshala \(E-Learning\) \040\( Andrew Gurung Jeevan Timilsina \)}{chapter*.6}% 29
\BOOKMARK [1][-]{section*.33}{Promoting Business in Nepal \( Eliza Gautam Prashamsha Devkota Laxman Gurung Sushil Gautam \)}{chapter*.6}% 30
\BOOKMARK [1][-]{section*.34}{Ramailokurakani.com \( Anil Bhattari Bhim Prasad Ale Pradeep Gautam \)}{chapter*.6}% 31
\BOOKMARK [1][-]{section*.35}{Ramrodeal \( Aashish Gurung Sadip Acharya Suyog Rajbhandari \)}{chapter*.6}% 32
\BOOKMARK [1][-]{section*.36}{Sanjaal \040\( Ajit Kunwar Deepak Singh Thapa Mahesh Gurung Sujan Tamrakar \)}{chapter*.6}% 33
\BOOKMARK [1][-]{section*.37}{Sustainable Agriculture \( Gaurab Subedi Nisha Pariyar Ram Chandra Poudel Rishi Saran Khanal \)}{chapter*.6}% 34
\BOOKMARK [1][-]{section*.38}{Semantic Analysis And Parse Tree Generator \( Mina Thapa Mohan K.C. Sandhya Koirala \)}{chapter*.6}% 35
\BOOKMARK [1][-]{section*.39}{TV Show Buzz \(Ashok Thapa Bil Bahadur Gurung Biswajit Nepali Kedar Adhikari\)}{chapter*.6}% 36
\BOOKMARK [1][-]{section*.40}{University Registration System \040\( Aashis Binod Khanal Binod Shrestha Nikita Pradhan Vikal Acharya \)}{chapter*.6}% 37
\BOOKMARK [1][-]{section*.41}{Video Conferencing in LAN \040\( Amrit Dahal Chandra Karki Sujan Adhikari \)}{chapter*.6}% 38
\BOOKMARK [1][-]{section*.42}{Voice Over Internet Protocol \( Binod Shrestha Ghanashyam Subedi Mahadev Adhikari Roshan Gurung \)}{chapter*.6}% 39
\BOOKMARK [1][-]{section*.43}{Customer Relationship Management \( Bimal Parajuli Ram Bahadur Pun Vijay Kumar Rana Zohvin Singh Basnyat \)}{chapter*.6}% 40
\BOOKMARK [1][-]{section*.44}{E-Ads \( Pralhad Kumar Shrestha Rohan Shrestha Rohit Khadgi Shubham Agrawal \)}{chapter*.6}% 41
\BOOKMARK [1][-]{section*.45}{English to Nepali Machine Translation System \( Sashi Gurung Shanti Gautam \)}{chapter*.6}% 42
\BOOKMARK [1][-]{section*.46}{Mato \( Bibek Thapa Binay Subedi Bipin Aryal Naresh GC \)}{chapter*.6}% 43
\BOOKMARK [1][-]{section*.47}{Online Auction and Shopping System \( Sagun Shrestha \)}{chapter*.6}% 44
\BOOKMARK [1][-]{section*.48}{Online Food Ordering System \( Ashish Banstola Sanchay Gurung Sunil Gurung \)}{chapter*.6}% 45
\BOOKMARK [1][-]{section*.49}{Search Engine \( Aashish Prakash Shrestha Anju Thapa Bidur Devkota Meena Shrestha \)}{chapter*.6}% 46
\BOOKMARK [1][-]{section*.50}{SMS Application \( Kiran Koirala Ram Chandra Adhikari \)}{chapter*.6}% 47
\BOOKMARK [1][-]{section*.51}{Touch Sense Live Paper Keyboard \( Dilip Kumar Shrestha Sovit Thapa Umesh Bastola \)}{chapter*.6}% 48
\BOOKMARK [1][-]{section*.52}{Opinion Mining Through Social Media \( Amir Bhujel Bikram Adhikari Hem Sharma Acharya \)}{chapter*.6}% 49
\BOOKMARK [1][-]{section*.53}{Online Shopping \( Bishan Gurung Santosh Bhandari \)}{chapter*.6}% 50
\BOOKMARK [1][-]{section*.54}{Linux Magistrate \( Durga Prasad Poudel Krishna Poudel Sanjay Bastola \)}{chapter*.6}% 51
\BOOKMARK [1][-]{section*.55}{Epidemic Surveillance using Twitter \( Avinash Adhikari Madan Khadka Samip Ghimire Siddhant Aryal \)}{chapter*.6}% 52
\BOOKMARK [1][-]{section*.56}{IP Telephony \( Lalit Ashok Gurung Manzil Gurung Radhika Acharya \)}{chapter*.6}% 53
\BOOKMARK [1][-]{section*.57}{Virtual Super-Computing Over Internet \( Amit Batajoo Nabaraj Adhikari Naresh Adhikari Prem Regmi Rajan Bastola \)}{chapter*.6}% 54
\BOOKMARK [1][-]{section*.58}{SnowRacer - An extension to Tux Racer \( Indu Gurung Radha Gurung Kalpana Prajapati \)}{chapter*.6}% 55
\BOOKMARK [0][-]{chapter*.59}{Batch of 2011}{}% 56
\BOOKMARK [1][-]{section*.60}{Beauty Product Recommendation System \(Bidur Subedi Bibek KC Mahesh Bahadur Thapa Niranjan Udas \)}{chapter*.59}% 57
\BOOKMARK [1][-]{section*.61}{Budget Visualization and Analysis Tool \040\(Prabesh Shrestha Sushil Ale Sushil GC \)}{chapter*.59}% 58
\BOOKMARK [1][-]{section*.62}{Chase Me \(Drishya Thapa Sukmit Thapa Joshila Joshi \)}{chapter*.59}% 59
\BOOKMARK [1][-]{section*.63}{Driving License Management \040\(Laxmi Gurung Shrijana Thapa Chettri Sulochana Bhujel \)}{chapter*.59}% 60
\BOOKMARK [1][-]{section*.64}{E-Commerce \(Sujan Thapa Achyut Dhewajoo Subash Thapa \)}{chapter*.59}% 61
\BOOKMARK [1][-]{section*.65}{``Episode" Recommender \(Sudip Dawadi Suyog K.C Saroj Pandey \)}{chapter*.59}% 62
\BOOKMARK [1][-]{section*.66}{Expose Nepal \040\(Bijay Poudel Binod Gurung Samman Gurung Santosh Gurung \)}{chapter*.59}% 63
\BOOKMARK [1][-]{section*.67}{Historic Nepal \040\(Ghan Bahadur Thapa Mukesh Bhattarai Safal Adhikari \)}{chapter*.59}% 64
\BOOKMARK [1][-]{section*.68}{Mentor \(Mitab Shrestha Bibek Sigdel \)}{chapter*.59}% 65
\BOOKMARK [1][-]{section*.69}{Nepali Adsense \(B. K. Krishna Magar Milan Adhikari Sushil Timilsina \)}{chapter*.59}% 66
\BOOKMARK [0][-]{chapter*.70}{Batch of 2012}{}% 67
\BOOKMARK [1][-]{section*.71}{Accounting for Inventory and Sales Management System \( Ganesh Pandey Nishal Gurung Pratima Sharma \)}{chapter*.70}% 68
\BOOKMARK [1][-]{section*.72}{AI Enabled Chatbot \040\(Anjana Sharma Bijaya Parajuli Luzan Baral Nishma Shrestha \)}{chapter*.70}% 69
\BOOKMARK [1][-]{section*.73}{Analysis on Recommendation System \040\( Aatish Sai Anup Acharya Deepti Baral Sagar Serchan \)}{chapter*.70}% 70
\BOOKMARK [1][-]{section*.74}{BADS: Detecting APK Malicious Behavior through Static Analysis \( Sudeep Acharya Mohan Gautam \)}{chapter*.70}% 71
\BOOKMARK [1][-]{section*.75}{Clinic Aid \( Sagar Subedi Santosh Sharma Sailesh Acharya Sudip Dhakal \)}{chapter*.70}% 72
\BOOKMARK [1][-]{section*.76}{Farmer Market \040\(Anup Sharma Samit Sherchan Bikky Bhujel Subash Chalise \)}{chapter*.70}% 73
\BOOKMARK [1][-]{section*.77}{Ghar Jagga \040\( Rabin Senchuri Bijay Gurung Abhishek Poudel Chhetri  Prameet Bhakta Acharya \)}{chapter*.70}% 74
\BOOKMARK [1][-]{section*.78}{NepaliMade \(Bibek Kumar Gupta Paras Bhujhel Saroj G.T. Sijan Shrestha \)}{chapter*.70}% 75
\BOOKMARK [1][-]{section*.79}{Online Patient Portal \040\(Aayush Thapa Biraj Bhandari Bishal Giri Deepak Poudel \)}{chapter*.70}% 76
\BOOKMARK [1][-]{section*.80}{Outsourcing Nepal \( Mahesh Prasad Josi Rahul Subedi Rajan Lamsal Top Kumar Purja \)}{chapter*.70}% 77
\BOOKMARK [1][-]{section*.81}{Portfolio Management \( Anuj Thapa Aruna Chatkuli Amir Banstola Sagar Koirala \)}{chapter*.70}% 78
\BOOKMARK [0][-]{chapter*.82}{Batch of 2013}{}% 79
\BOOKMARK [1][-]{section*.83}{Ayo Gorkhali \040\(Bishal Pun \040Siddhant Pageni \040Susan K.C. \040\)}{chapter*.82}% 80
\BOOKMARK [1][-]{section*.84}{Bike Rental System \(Pratikshya Shrestha Amrit Poudel \)}{chapter*.82}% 81
\BOOKMARK [1][-]{section*.85}{Car rush \(Nabina Subedi Rojina Thapa \)}{chapter*.82}% 82
\BOOKMARK [1][-]{section*.86}{ColzMS \(Manoj Pahari Rajat Thapa Ujjwal Panta \)}{chapter*.82}% 83
\BOOKMARK [1][-]{section*.87}{eTaxi Service \(Aashim Bajracharya Jharana Gurung \)}{chapter*.82}% 84
\BOOKMARK [1][-]{section*.88}{CRM \(Sushma Bhandari Sandip Sapkota Tahira Urusha Niroula \)}{chapter*.82}% 85
\BOOKMARK [1][-]{section*.89}{Lavender Hospital Management System \(Abhishek KC Dudhraj Parajuli Sudip Tripathi \)}{chapter*.82}% 86
\BOOKMARK [1][-]{section*.90}{Local Governance Information System \(LGIS\) \(Aashish Adhikari Binod Timilsina Bibek Shahi \)}{chapter*.82}% 87
\BOOKMARK [1][-]{section*.91}{MazeVR \040\(Bijay Acharya Pravesh Giri Sangam GC \)}{chapter*.82}% 88
\BOOKMARK [1][-]{section*.92}{Pharmex \(Shovan Shrestha Shiraj Pradhanang \)}{chapter*.82}% 89
\BOOKMARK [1][-]{section*.93}{Routes Nepal \(Bhuwan Paudel Bimal Sharma Yuvraj Shrestha \)}{chapter*.82}% 90
\BOOKMARK [1][-]{section*.94}{Survival Shooting \(Beenod Baniya Ujwal Jamarkattel \)}{chapter*.82}% 91
\BOOKMARK [1][-]{section*.95}{Zyaala \(Sparsh Shrestha Swatantra Dhakal Upakar Poudel \)}{chapter*.82}% 92
\BOOKMARK [0][-]{section*.96}{Author Index}{}% 93
