This is pdfTeX, Version 3.14159265-2.6-1.40.18 (MiKTeX 2.9.6350 64-bit) (preloaded format=pdflatex 2017.7.30)  24 JAN 2018 12:36
entering extended mode
**./document.tex
(document.tex
LaTeX2e <2017-04-15>
Babel <3.10> and hyphenation patterns for 75 language(s) loaded.
("C:\Program Files\MiKTeX 2.9\tex\latex\base\book.cls"
Document Class: book 2014/09/29 v1.4h Standard LaTeX document class
("C:\Program Files\MiKTeX 2.9\tex\latex\base\bk12.clo"
File: bk12.clo 2014/09/29 v1.4h Standard LaTeX file (size option)
)
\c@part=\count79
\c@chapter=\count80
\c@section=\count81
\c@subsection=\count82
\c@subsubsection=\count83
\c@paragraph=\count84
\c@subparagraph=\count85
\c@figure=\count86
\c@table=\count87
\abovecaptionskip=\skip41
\belowcaptionskip=\skip42
\bibindent=\dimen102
)
("C:\Program Files\MiKTeX 2.9\tex\latex\geometry\geometry.sty"
Package: geometry 2010/09/12 v5.6 Page Geometry

("C:\Program Files\MiKTeX 2.9\tex\latex\graphics\keyval.sty"
Package: keyval 2014/10/28 v1.15 key=value parser (DPC)
\KV@toks@=\toks14
)
("C:\Program Files\MiKTeX 2.9\tex\generic\oberdiek\ifpdf.sty"
Package: ifpdf 2017/03/15 v3.2 Provides the ifpdf switch
)
("C:\Program Files\MiKTeX 2.9\tex\generic\oberdiek\ifvtex.sty"
Package: ifvtex 2016/05/16 v1.6 Detect VTeX and its facilities (HO)
Package ifvtex Info: VTeX not detected.
)
("C:\Program Files\MiKTeX 2.9\tex\generic\ifxetex\ifxetex.sty"
Package: ifxetex 2010/09/12 v0.6 Provides ifxetex conditional
)
\Gm@cnth=\count88
\Gm@cntv=\count89
\c@Gm@tempcnt=\count90
\Gm@bindingoffset=\dimen103
\Gm@wd@mp=\dimen104
\Gm@odd@mp=\dimen105
\Gm@even@mp=\dimen106
\Gm@layoutwidth=\dimen107
\Gm@layoutheight=\dimen108
\Gm@layouthoffset=\dimen109
\Gm@layoutvoffset=\dimen110
\Gm@dimlist=\toks15

("C:\Program Files\MiKTeX 2.9\tex\latex\geometry\geometry.cfg"))
("C:\Program Files\MiKTeX 2.9\tex\latex\import\import.sty"
Package: import 2009/03/23  v 5.1
)
("C:\Program Files\MiKTeX 2.9\tex\latex\lipsum\lipsum.sty"
Package: lipsum 2014/07/27 v1.3 150 paragraphs of Lorem Ipsum dummy text
\c@lips@count=\count91
)
("C:\Program Files\MiKTeX 2.9\tex\latex\needspace\needspace.sty"
Package: needspace 2010/09/12 v1.3d reserve vertical space
)
("C:\Program Files\MiKTeX 2.9\tex\latex\marginnote\marginnote.sty"
Package: marginnote 2017/04/22 v1.2b non floating margin notes for LaTeX
\c@mn@abspage=\count92
)
("C:\Program Files\MiKTeX 2.9\tex\latex\tools\multicol.sty"
Package: multicol 2017/04/11 v1.8q multicolumn formatting (FMi)
\c@tracingmulticols=\count93
\mult@box=\box26
\multicol@leftmargin=\dimen111
\c@unbalance=\count94
\c@collectmore=\count95
\doublecol@number=\count96
\multicoltolerance=\count97
\multicolpretolerance=\count98
\full@width=\dimen112
\page@free=\dimen113
\premulticols=\dimen114
\postmulticols=\dimen115
\multicolsep=\skip43
\multicolbaselineskip=\skip44
\partial@page=\box27
\last@line=\box28
\maxbalancingoverflow=\dimen116
\mult@rightbox=\box29
\mult@grightbox=\box30
\mult@gfirstbox=\box31
\mult@firstbox=\box32
\@tempa=\box33
\@tempa=\box34
\@tempa=\box35
\@tempa=\box36
\@tempa=\box37
\@tempa=\box38
\@tempa=\box39
\@tempa=\box40
\@tempa=\box41
\@tempa=\box42
\@tempa=\box43
\@tempa=\box44
\@tempa=\box45
\@tempa=\box46
\@tempa=\box47
\@tempa=\box48
\@tempa=\box49
\c@columnbadness=\count99
\c@finalcolumnbadness=\count100
\last@try=\dimen117
\multicolovershoot=\dimen118
\multicolundershoot=\dimen119
\mult@nat@firstbox=\box50
\colbreak@box=\box51
\mc@col@check@num=\count101
)
("C:\Program Files\MiKTeX 2.9\tex\latex\titling\titling.sty"
Package: titling 2009/09/04 v2.1d maketitle typesetting
\thanksmarkwidth=\skip45
\thanksmargin=\skip46
\droptitle=\skip47
)
("C:\Program Files\MiKTeX 2.9\tex\latex\titlesec\titlesec.sty"
Package: titlesec 2016/03/21 v2.10.2 Sectioning titles
\ttl@box=\box52
\beforetitleunit=\skip48
\aftertitleunit=\skip49
\ttl@plus=\dimen120
\ttl@minus=\dimen121
\ttl@toksa=\toks16
\titlewidth=\dimen122
\titlewidthlast=\dimen123
\titlewidthfirst=\dimen124
)
("C:\Program Files\MiKTeX 2.9\tex\latex\graphics\graphicx.sty"
Package: graphicx 2014/10/28 v1.0g Enhanced LaTeX Graphics (DPC,SPQR)

("C:\Program Files\MiKTeX 2.9\tex\latex\graphics\graphics.sty"
Package: graphics 2017/04/14 v1.1b Standard LaTeX Graphics (DPC,SPQR)

("C:\Program Files\MiKTeX 2.9\tex\latex\graphics\trig.sty"
Package: trig 2016/01/03 v1.10 sin cos tan (DPC)
)
("C:\Program Files\MiKTeX 2.9\tex\latex\graphics-cfg\graphics.cfg"
File: graphics.cfg 2016/06/04 v1.11 sample graphics configuration
)
Package graphics Info: Driver file: pdftex.def on input line 99.

("C:\Program Files\MiKTeX 2.9\tex\latex\graphics-def\pdftex.def"
File: pdftex.def 2017/01/12 v0.06k Graphics/color for pdfTeX

("C:\Program Files\MiKTeX 2.9\tex\generic\oberdiek\infwarerr.sty"
Package: infwarerr 2016/05/16 v1.4 Providing info/warning/error messages (HO)
)
("C:\Program Files\MiKTeX 2.9\tex\generic\oberdiek\ltxcmds.sty"
Package: ltxcmds 2016/05/16 v1.23 LaTeX kernel commands for general use (HO)
)
\Gread@gobject=\count102
))
\Gin@req@height=\dimen125
\Gin@req@width=\dimen126
)
("C:\Program Files\MiKTeX 2.9\tex\latex\imakeidx\imakeidx.sty"
Package: imakeidx 2016/10/15 v1.3e Package for typesetting indices in a synchro
nous mode

("C:\Program Files\MiKTeX 2.9\tex\latex\xkeyval\xkeyval.sty"
Package: xkeyval 2014/12/03 v2.7a package option processing (HA)

("C:\Program Files\MiKTeX 2.9\tex\generic\xkeyval\xkeyval.tex"
("C:\Program Files\MiKTeX 2.9\tex\generic\xkeyval\xkvutils.tex"
\XKV@toks=\toks17
\XKV@tempa@toks=\toks18
)
\XKV@depth=\count103
File: xkeyval.tex 2014/12/03 v2.7a key=value parser (HA)
))
("C:\Program Files\MiKTeX 2.9\tex\generic\oberdiek\ifluatex.sty"
Package: ifluatex 2016/05/16 v1.4 Provides the ifluatex switch (HO)
Package ifluatex Info: LuaTeX not detected.
))
("C:\Program Files\MiKTeX 2.9\tex\latex\hyperref\hyperref.sty"
Package: hyperref 2017/03/14 v6.85a Hypertext links for LaTeX

("C:\Program Files\MiKTeX 2.9\tex\generic\oberdiek\hobsub-hyperref.sty"
Package: hobsub-hyperref 2016/05/16 v1.14 Bundle oberdiek, subset hyperref (HO)


("C:\Program Files\MiKTeX 2.9\tex\generic\oberdiek\hobsub-generic.sty"
Package: hobsub-generic 2016/05/16 v1.14 Bundle oberdiek, subset generic (HO)
Package: hobsub 2016/05/16 v1.14 Construct package bundles (HO)
Package hobsub Info: Skipping package `infwarerr' (already loaded).
Package hobsub Info: Skipping package `ltxcmds' (already loaded).
Package hobsub Info: Skipping package `ifluatex' (already loaded).
Package hobsub Info: Skipping package `ifvtex' (already loaded).
Package: intcalc 2016/05/16 v1.2 Expandable calculations with integers (HO)
Package hobsub Info: Skipping package `ifpdf' (already loaded).
Package: etexcmds 2016/05/16 v1.6 Avoid name clashes with e-TeX commands (HO)
Package etexcmds Info: Could not find \expanded.
(etexcmds)             That can mean that you are not using pdfTeX 1.50 or
(etexcmds)             that some package has redefined \expanded.
(etexcmds)             In the latter case, load this package earlier.
Package: kvsetkeys 2016/05/16 v1.17 Key value parser (HO)
Package: kvdefinekeys 2016/05/16 v1.4 Define keys (HO)
Package: pdftexcmds 2017/03/19 v0.25 Utility functions of pdfTeX for LuaTeX (HO
)
Package pdftexcmds Info: LuaTeX not detected.
Package pdftexcmds Info: \pdf@primitive is available.
Package pdftexcmds Info: \pdf@ifprimitive is available.
Package pdftexcmds Info: \pdfdraftmode found.
Package: pdfescape 2016/05/16 v1.14 Implements pdfTeX's escape features (HO)
Package: bigintcalc 2016/05/16 v1.4 Expandable calculations on big integers (HO
)
Package: bitset 2016/05/16 v1.2 Handle bit-vector datatype (HO)
Package: uniquecounter 2016/05/16 v1.3 Provide unlimited unique counter (HO)
)
Package hobsub Info: Skipping package `hobsub' (already loaded).
Package: letltxmacro 2016/05/16 v1.5 Let assignment for LaTeX macros (HO)
Package: hopatch 2016/05/16 v1.3 Wrapper for package hooks (HO)
Package: xcolor-patch 2016/05/16 xcolor patch
Package: atveryend 2016/05/16 v1.9 Hooks at the very end of document (HO)
Package atveryend Info: \enddocument detected (standard20110627).
Package: atbegshi 2016/06/09 v1.18 At begin shipout hook (HO)
Package: refcount 2016/05/16 v3.5 Data extraction from label references (HO)
Package: hycolor 2016/05/16 v1.8 Color options for hyperref/bookmark (HO)
)
("C:\Program Files\MiKTeX 2.9\tex\latex\oberdiek\auxhook.sty"
Package: auxhook 2016/05/16 v1.4 Hooks for auxiliary files (HO)
)
("C:\Program Files\MiKTeX 2.9\tex\latex\oberdiek\kvoptions.sty"
Package: kvoptions 2016/05/16 v3.12 Key value format for package options (HO)
)
\@linkdim=\dimen127
\Hy@linkcounter=\count104
\Hy@pagecounter=\count105

("C:\Program Files\MiKTeX 2.9\tex\latex\hyperref\pd1enc.def"
File: pd1enc.def 2017/03/14 v6.85a Hyperref: PDFDocEncoding definition (HO)
)
\Hy@SavedSpaceFactor=\count106

("C:\Program Files\MiKTeX 2.9\tex\latex\00miktex\hyperref.cfg"
File: hyperref.cfg 2002/06/06 v1.2 hyperref configuration of TeXLive
)
Package hyperref Info: Hyper figures OFF on input line 4498.
Package hyperref Info: Link nesting OFF on input line 4503.
Package hyperref Info: Hyper index ON on input line 4506.
Package hyperref Info: Plain pages OFF on input line 4513.
Package hyperref Info: Backreferencing OFF on input line 4518.
Package hyperref Info: Implicit mode ON; LaTeX internals redefined.
Package hyperref Info: Bookmarks ON on input line 4751.
\c@Hy@tempcnt=\count107

("C:\Program Files\MiKTeX 2.9\tex\latex\url\url.sty"
\Urlmuskip=\muskip10
Package: url 2013/09/16  ver 3.4  Verb mode for urls, etc.
)
LaTeX Info: Redefining \url on input line 5104.
\XeTeXLinkMargin=\dimen128
\Fld@menulength=\count108
\Field@Width=\dimen129
\Fld@charsize=\dimen130
Package hyperref Info: Hyper figures OFF on input line 6358.
Package hyperref Info: Link nesting OFF on input line 6363.
Package hyperref Info: Hyper index ON on input line 6366.
Package hyperref Info: backreferencing OFF on input line 6373.
Package hyperref Info: Link coloring OFF on input line 6378.
Package hyperref Info: Link coloring with OCG OFF on input line 6383.
Package hyperref Info: PDF/A mode OFF on input line 6388.
LaTeX Info: Redefining \ref on input line 6428.
LaTeX Info: Redefining \pageref on input line 6432.
\Hy@abspage=\count109
\c@Item=\count110
\c@Hfootnote=\count111
)

Package hyperref Message: Driver (autodetected): hpdftex.

("C:\Program Files\MiKTeX 2.9\tex\latex\hyperref\hpdftex.def"
File: hpdftex.def 2017/03/14 v6.85a Hyperref driver for pdfTeX
\Fld@listcount=\count112
\c@bookmark@seq@number=\count113

("C:\Program Files\MiKTeX 2.9\tex\latex\oberdiek\rerunfilecheck.sty"
Package: rerunfilecheck 2016/05/16 v1.8 Rerun checks for auxiliary files (HO)
Package uniquecounter Info: New unique counter `rerunfilecheck' on input line 2
82.
)
\Hy@SectionHShift=\skip50
)
\document@idxfile=\write3
\openout3 = `document.idx'.


Writing index file document.idx
("C:\Program Files\MiKTeX 2.9\tex\latex\etoolbox\etoolbox.sty"
Package: etoolbox 2017/01/02 v2.4 e-TeX tools for LaTeX (JAW)
\etb@tempcnta=\count114
) (document.aux)
\openout1 = `document.aux'.

LaTeX Font Info:    Checking defaults for OML/cmm/m/it on input line 90.
LaTeX Font Info:    ... okay on input line 90.
LaTeX Font Info:    Checking defaults for T1/cmr/m/n on input line 90.
LaTeX Font Info:    ... okay on input line 90.
LaTeX Font Info:    Checking defaults for OT1/cmr/m/n on input line 90.
LaTeX Font Info:    ... okay on input line 90.
LaTeX Font Info:    Checking defaults for OMS/cmsy/m/n on input line 90.
LaTeX Font Info:    ... okay on input line 90.
LaTeX Font Info:    Checking defaults for OMX/cmex/m/n on input line 90.
LaTeX Font Info:    ... okay on input line 90.
LaTeX Font Info:    Checking defaults for U/cmr/m/n on input line 90.
LaTeX Font Info:    ... okay on input line 90.
LaTeX Font Info:    Checking defaults for PD1/pdf/m/n on input line 90.
LaTeX Font Info:    ... okay on input line 90.

*geometry* driver: auto-detecting
*geometry* detected driver: pdftex
*geometry* verbose mode - [ preamble ] result:
* driver: pdftex
* paper: a4paper
* layout: <same size as paper>
* layoutoffset:(h,v)=(0.0pt,0.0pt)
* modes: twoside 
* h-part:(L,W,R)=(85.35826pt, 426.79135pt, 85.35826pt)
* v-part:(T,H,B)=(85.35826pt, 674.33032pt, 85.35826pt)
* \paperwidth=597.50787pt
* \paperheight=845.04684pt
* \textwidth=426.79135pt
* \textheight=674.33032pt
* \oddsidemargin=13.08827pt
* \evensidemargin=13.08827pt
* \topmargin=-18.78552pt
* \headheight=12.0pt
* \headsep=19.8738pt
* \topskip=12.0pt
* \footskip=30.0pt
* \marginparwidth=98.0pt
* \marginparsep=7.0pt
* \columnsep=10.0pt
* \skip\footins=10.8pt plus 4.0pt minus 2.0pt
* \hoffset=0.0pt
* \voffset=0.0pt
* \mag=1000
* \@twocolumnfalse
* \@twosidetrue
* \@mparswitchtrue
* \@reversemarginfalse
* (1in=72.27pt=25.4mm, 1cm=28.453pt)

Package marginnote Info: \pdfoutput not 0 or unimportant and
(marginnote)             \pdflastxpos or \lastxpos available.
(marginnote)             Extended position detection mode activated.
("C:\Program Files\MiKTeX 2.9\tex\context\base\supp-pdf.mkii"
[Loading MPS to PDF converter (version 2006.09.02).]
\scratchcounter=\count115
\scratchdimen=\dimen131
\scratchbox=\box53
\nofMPsegments=\count116
\nofMParguments=\count117
\everyMPshowfont=\toks19
\MPscratchCnt=\count118
\MPscratchDim=\dimen132
\MPnumerator=\count119
\makeMPintoPDFobject=\count120
\everyMPtoPDFconversion=\toks20
) ("C:\Program Files\MiKTeX 2.9\tex\latex\oberdiek\epstopdf-base.sty"
Package: epstopdf-base 2016/05/15 v2.6 Base part for package epstopdf

("C:\Program Files\MiKTeX 2.9\tex\latex\oberdiek\grfext.sty"
Package: grfext 2016/05/16 v1.2 Manage graphics extensions (HO)
)
Package epstopdf-base Info: Redefining graphics rule for `.eps' on input line 4
38.
Package grfext Info: Graphics extension search list:
(grfext)             [.png,.pdf,.jpg,.mps,.jpeg,.jbig2,.jb2,.PNG,.PDF,.JPG,.JPE
G,.JBIG2,.JB2,.eps]
(grfext)             \AppendGraphicsExtensions on input line 456.
)
\AtBeginShipoutBox=\box54
Package hyperref Info: Link coloring OFF on input line 90.

("C:\Program Files\MiKTeX 2.9\tex\latex\hyperref\nameref.sty"
Package: nameref 2016/05/21 v2.44 Cross-referencing by name of section

("C:\Program Files\MiKTeX 2.9\tex\generic\oberdiek\gettitlestring.sty"
Package: gettitlestring 2016/05/16 v1.5 Cleanup title references (HO)
)
\c@section@level=\count121
)
LaTeX Info: Redefining \ref on input line 90.
LaTeX Info: Redefining \pageref on input line 90.
LaTeX Info: Redefining \nameref on input line 90.

(document.out) (document.out)
\@outlinefile=\write4
\openout4 = `document.out'.


<./image/"GCES logo2".png, id=375, 867.24pt x 867.24pt>
File: ./image/"GCES logo2".png Graphic file (type png)

<use ./image/"GCES logo2".png>
Package pdftex.def Info: ./image/"GCES logo2".png used on input line 95.
(pdftex.def)             Requested size: 149.99605pt x 150.0pt.
LaTeX Font Info:    External font `cmex10' loaded for size
(Font)              <14.4> on input line 95.
LaTeX Font Info:    External font `cmex10' loaded for size
(Font)              <7> on input line 95.
 [1



{C:/ProgramData/MiKTeX/2.9/pdftex/config/pdftex.map} <./image/GCES logo2.png>] 
(copyrightpage.tex [2

]
LaTeX Font Info:    Try loading font information for OMS+cmr on input line 7.

("C:\Program Files\MiKTeX 2.9\tex\latex\base\omscmr.fd"
File: omscmr.fd 2014/09/29 v2.5h Standard LaTeX font definitions
)
LaTeX Font Info:    Font shape `OMS/cmr/m/n' in size <12> not available
(Font)              Font shape `OMS/cmsy/m/n' tried instead on input line 7.
)
(foreword_principal.tex [3] [4

]) (keynote.tex [5] [6

]) (acknowledgement.tex
[7] [8

]) [9] [10

] (document.toc
LaTeX Font Info:    External font `cmex10' loaded for size
(Font)              <12> on input line 4.
LaTeX Font Info:    External font `cmex10' loaded for size
(Font)              <8> on input line 4.
LaTeX Font Info:    External font `cmex10' loaded for size
(Font)              <6> on input line 4.
 [11]
Overfull \hbox (2.6647pt too wide) in paragraph at lines 23--23
 [][] []\OT1/cmr/m/n/12 Nepali Parser - Chun-ker ( \OT1/cmr/m/it/12 Muna Khadka
 Ramesh Raj Baral Sha-keel Shrestha 
 []


Overfull \hbox (7.90924pt too wide) in paragraph at lines 34--34
 [][] []\OT1/cmr/m/n/12 Sus-tain-able Agri-cul-ture ( \OT1/cmr/m/it/12 Gau-rab 
Subedi Nisha Pari-yar Ram Chan-dra Poudel 
 []

[12]
Overfull \hbox (3.55925pt too wide) in paragraph at lines 71--71
 [][] []\OT1/cmr/m/n/12 BADS: De-tect-ing APK Ma-li-cious Be-hav-ior through St
atic Anal-y-sis ( \OT1/cmr/m/it/12 Sudeep 
 []


Overfull \hbox (0.32811pt too wide) in paragraph at lines 73--73
 [][] []\OT1/cmr/m/n/12 Farmer Mar-ket (\OT1/cmr/m/it/12 Anup Sharma Samit Sher
-chan Bikky Bhu-jel Sub-ash Chalise 
 []

Missing character: There is no ‚ in font cmti12!
Missing character: There is no Ä in font cmti12!
Missing character: There is no ® in font cmti12!

Overfull \hbox (10.46475pt too wide) in paragraph at lines 74--74
 [][] []\OT1/cmr/m/n/12 Ghar Jagga ( \OT1/cmr/m/it/12 Ra-bin Senchuri Bi-jay Gu
-rung Ab-hishek Poudel Chhetri Prameet 
 []

[13])
\tf@toc=\write5
\openout5 = `document.toc'.

 [14] ("C:\Program Files\MiKTeX 2.9\tex\latex\titlesec\ttlkeys.def"
File: ttlkeys.def 2016/03/15
\c@ttlp@side=\count122
\ttlp@side=\count123
)
[1


] ("remaining/Adaptive web site.tex"
Package marginnote Info: Margin note 16.1 is on absolute page 16
(marginnote)              on input line 6.
Package marginnote Info: xpos seems to be 361.8322pt,
(marginnote)             \marginnoteleftadjust ignored on input line 6.
) (remaining/anonlinepolicediary.tex
Package marginnote Info: Margin note 16.2 is on absolute page 16
(marginnote)              on input line 8.
Package marginnote Info: xpos seems to be 381.883pt,
(marginnote)             \marginnoteleftadjust ignored on input line 8.
)
(remaining/CHAMELEON.tex
Package marginnote Info: Margin note 16.3 is on absolute page 16
(marginnote)              on input line 9.
Package marginnote Info: xpos seems to be 337.98305pt,
(marginnote)             \marginnoteleftadjust ignored on input line 9.
 [2])
(remaining/Databasesynchronizationthroughe-mail.tex
Package marginnote Info: Margin note 17.1 is on absolute page 17
(marginnote)              on input line 9.
Package marginnote Info: xpos seems to be 449.90707pt,
(marginnote)             \marginnoterightadjust ignored on input line 9.
)
("remaining/Desktop Video.tex"
Package marginnote Info: Margin note 17.2 is on absolute page 17
(marginnote)              on input line 8.
Package marginnote Info: xpos seems to be 400.3155pt,
(marginnote)             \marginnoterightadjust ignored on input line 8.
) (remaining/easywebcms.tex [3]
Package marginnote Info: Margin note 18.1 is on absolute page 18
(marginnote)              on input line 9.
Package marginnote Info: xpos seems to be 354.79889pt,
(marginnote)             \marginnoteleftadjust ignored on input line 9.
)
(remaining/E-BIDDING.tex
Package marginnote Info: Margin note 18.2 is on absolute page 18
(marginnote)              on input line 8.
Package marginnote Info: xpos seems to be 334.57889pt,
(marginnote)             \marginnoteleftadjust ignored on input line 8.
) (remaining/E-BUDGETING.tex
Package marginnote Info: Margin note 18.3 is on absolute page 19
(marginnote)              on input line 9.
Package marginnote Info: xpos seems to be 341.96637pt,
(marginnote)             \marginnoterightadjust ignored on input line 9.
 [4])
("remaining/Electronic Medical Record.tex"
Package marginnote Info: Margin note 19.1 is on absolute page 19
(marginnote)              on input line 8.
Package marginnote Info: xpos seems to be 392.98718pt,
(marginnote)             \marginnoterightadjust ignored on input line 8.
)
(remaining/entranceresultgenerator.tex [5]
Package marginnote Info: Margin note 20.1 is on absolute page 20
(marginnote)              on input line 7.
Package marginnote Info: xpos seems to be 394.78218pt,
(marginnote)             \marginnoteleftadjust ignored on input line 7.
) (remaining/e-thrive.tex
Package marginnote Info: Margin note 20.2 is on absolute page 20
(marginnote)              on input line 7.
Package marginnote Info: xpos seems to be 327.72473pt,
(marginnote)             \marginnoteleftadjust ignored on input line 7.
)
(remaining/gcesmessenger.tex
Package marginnote Info: Margin note 20.3 is on absolute page 20
(marginnote)              on input line 7.
Package marginnote Info: xpos seems to be 360.50641pt,
(marginnote)             \marginnoteleftadjust ignored on input line 7.
) (remaining/Gcesnepalitexttospeechsynthesizer.tex
[6]
Package marginnote Info: Margin note 21.1 is on absolute page 21
(marginnote)              on input line 8.
Package marginnote Info: xpos seems to be 447.27791pt,
(marginnote)             \marginnoterightadjust ignored on input line 8.
) ("remaining/GESTURE RECOGNITION AND PROCESSING.tex"
Package marginnote Info: Margin note 21.2 is on absolute page 21
(marginnote)              on input line 8.
Package marginnote Info: xpos seems to be 429.62218pt,
(marginnote)             \marginnoterightadjust ignored on input line 8.
)
(remaining/hairstyle.tex
Package marginnote Info: Margin note 21.3 is on absolute page 22
(marginnote)              on input line 8.
Package marginnote Info: xpos seems to be 400.2863pt,
(marginnote)             \marginnoteleftadjust ignored on input line 8.
) (remaining/imagecrawlee.tex [7]
Package marginnote Info: Margin note 22.1 is on absolute page 22
(marginnote)              on input line 9.
Package marginnote Info: xpos seems to be 351.26637pt,
(marginnote)             \marginnoteleftadjust ignored on input line 9.
)
(remaining/Kurakani.tex
Package marginnote Info: Margin note 22.2 is on absolute page 22
(marginnote)              on input line 9.
Package marginnote Info: xpos seems to be 334.0539pt,
(marginnote)             \marginnoteleftadjust ignored on input line 9.
) (remaining/Meaningtowordsdictionary.tex [8]
Package marginnote Info: Margin note 23.1 is on absolute page 23
(marginnote)              on input line 8.
Package marginnote Info: xpos seems to be 406.75299pt,
(marginnote)             \marginnoterightadjust ignored on input line 8.
)
("remaining/Nepali OCR.tex"
Package marginnote Info: Margin note 23.2 is on absolute page 23
(marginnote)              on input line 8.
Package marginnote Info: xpos seems to be 342.39555pt,
(marginnote)             \marginnoterightadjust ignored on input line 8.
) (remaining/Nepaliparser-chunker.tex [9]
Package marginnote Info: Margin note 24.1 is on absolute page 24
(marginnote)              on input line 8.
Package marginnote Info: xpos seems to be 385.453pt,
(marginnote)             \marginnoteleftadjust ignored on input line 8.
)
(remaining/Nepali-tts.tex
Package marginnote Info: Margin note 24.2 is on absolute page 24
(marginnote)              on input line 8.
Package marginnote Info: xpos seems to be 340.18721pt,
(marginnote)             \marginnoteleftadjust ignored on input line 8.
) (remaining/newshunt.tex
Package marginnote Info: Margin note 24.3 is on absolute page 25
(marginnote)              on input line 7.
Package marginnote Info: xpos seems to be 336.08641pt,
(marginnote)             \marginnoterightadjust ignored on input line 7.
 [10])
(remaining/OnlineCriminalRecordManagementSystem.tex
Package marginnote Info: Margin note 25.1 is on absolute page 25
(marginnote)              on input line 7.
Package marginnote Info: xpos seems to be 463.0654pt,
(marginnote)             \marginnoterightadjust ignored on input line 7.
)
(remaining/pancheebajaa.tex
Package marginnote Info: Margin note 25.2 is on absolute page 25
(marginnote)              on input line 8.
Package marginnote Info: xpos seems to be 363.65384pt,
(marginnote)             \marginnoterightadjust ignored on input line 8.
)
(remaining/ParallelProcessingandDistributedComputing.tex [11]
Package marginnote Info: Margin note 26.1 is on absolute page 26
(marginnote)              on input line 8.
Package marginnote Info: xpos seems to be 470.03874pt,
(marginnote)             \marginnoteleftadjust ignored on input line 8.
)
(remaining/Pathshala.tex
Package marginnote Info: Margin note 26.2 is on absolute page 26
(marginnote)              on input line 7.
Package marginnote Info: xpos seems to be 384.29466pt,
(marginnote)             \marginnoteleftadjust ignored on input line 7.
) (remaining/PROMOTINGBUSINESSINNEPAL.tex [12]
Package marginnote Info: Margin note 27.1 is on absolute page 27
(marginnote)              on input line 9.
Package marginnote Info: xpos seems to be 402.25134pt,
(marginnote)             \marginnoterightadjust ignored on input line 9.
)
(remaining/Ramailokurakani.tex
Package marginnote Info: Margin note 27.2 is on absolute page 27
(marginnote)              on input line 8.
Package marginnote Info: xpos seems to be 375.15382pt,
(marginnote)             \marginnoterightadjust ignored on input line 8.
) (remaining/ramrodeal.tex
Package marginnote Info: Margin note 27.3 is on absolute page 28
(marginnote)              on input line 8.
Package marginnote Info: xpos seems to be 337.44974pt,
(marginnote)             \marginnoteleftadjust ignored on input line 8.
 [13])
(remaining/Sanjaal.tex
Package marginnote Info: Margin note 28.1 is on absolute page 28
(marginnote)              on input line 9.
Package marginnote Info: xpos seems to be 326.9914pt,
(marginnote)             \marginnoteleftadjust ignored on input line 9.
) (remaining/Sustainable.tex [14]
Package marginnote Info: Margin note 29.1 is on absolute page 29
(marginnote)              on input line 9.
Package marginnote Info: xpos seems to be 382.59883pt,
(marginnote)             \marginnoterightadjust ignored on input line 9.
)
("remaining/SYSTEMATIC ANALYSIS AND PARSE TREE GENERATOR.tex"
Package marginnote Info: Margin note 29.2 is on absolute page 29
(marginnote)              on input line 8.
Package marginnote Info: xpos seems to be 460.36378pt,
(marginnote)             \marginnoterightadjust ignored on input line 8.
)
(remaining/tvshowbuzz.tex [15]
Package marginnote Info: Margin note 30.1 is on absolute page 30
(marginnote)              on input line 7.
Package marginnote Info: xpos seems to be 352.0372pt,
(marginnote)             \marginnoteleftadjust ignored on input line 7.
) (remaining/UniversityRegistrationSystem.tex
Package marginnote Info: Margin note 30.2 is on absolute page 30
(marginnote)              on input line 9.
Package marginnote Info: xpos seems to be 412.67216pt,
(marginnote)             \marginnoteleftadjust ignored on input line 9.
)
(remaining/videoconferencing.tex
Package marginnote Info: Margin note 30.3 is on absolute page 30
(marginnote)              on input line 7.
Package marginnote Info: xpos seems to be 400.70801pt,
(marginnote)             \marginnoteleftadjust ignored on input line 7.
) (remaining/voiceoverinternetprotocol.tex
[16]
Package marginnote Info: Margin note 31.1 is on absolute page 31
(marginnote)              on input line 9.
Package marginnote Info: xpos seems to be 402.03716pt,
(marginnote)             \marginnoterightadjust ignored on input line 9.
) (remaining/customerrelationshipmgmt.tex
Package marginnote Info: Margin note 31.2 is on absolute page 31
(marginnote)              on input line 9.
Package marginnote Info: xpos seems to be 428.64796pt,
(marginnote)             \marginnoterightadjust ignored on input line 9.
) (remaining/e-ads.tex
Package marginnote Info: Margin note 31.3 is on absolute page 31
(marginnote)              on input line 9.
Package marginnote Info: xpos seems to be 320.58228pt,
(marginnote)             \marginnoterightadjust ignored on input line 9.
)
(remaining/englishtonepalimachinetranslationsystem.tex [17]
Package marginnote Info: Margin note 32.1 is on absolute page 32
(marginnote)              on input line 7.
Package marginnote Info: xpos seems to be 464.02623pt,
(marginnote)             \marginnoteleftadjust ignored on input line 7.
)
(remaining/mato.tex
Package marginnote Info: Margin note 32.2 is on absolute page 32
(marginnote)              on input line 9.
Package marginnote Info: xpos seems to be 317.57475pt,
(marginnote)             \marginnoteleftadjust ignored on input line 9.
) (remaining/onlineauctionandshoppingsystem.tex [18]
Package marginnote Info: Margin note 33.1 is on absolute page 33
(marginnote)              on input line 6.
Package marginnote Info: xpos seems to be 432.35292pt,
(marginnote)             \marginnoterightadjust ignored on input line 6.
)
("remaining/onlinefoodordering system.tex"
Package marginnote Info: Margin note 33.2 is on absolute page 33
(marginnote)              on input line 8.
Package marginnote Info: xpos seems to be 404.8613pt,
(marginnote)             \marginnoterightadjust ignored on input line 8.
) (remaining/searchengine.tex
Package marginnote Info: Margin note 33.3 is on absolute page 33
(marginnote)              on input line 9.
Package marginnote Info: xpos seems to be 349.08304pt,
(marginnote)             \marginnoterightadjust ignored on input line 9.

[19]) (remaining/smsapplication.tex
Package marginnote Info: Margin note 34.1 is on absolute page 34
(marginnote)              on input line 7.
Package marginnote Info: xpos seems to be 359.24136pt,
(marginnote)             \marginnoteleftadjust ignored on input line 7.
) (remaining/touchsenselive.tex
Package marginnote Info: Margin note 34.2 is on absolute page 34
(marginnote)              on input line 8.
Package marginnote Info: xpos seems to be 421.19463pt,
(marginnote)             \marginnoteleftadjust ignored on input line 8.
)
(remaining/opinionmining.tex
Package marginnote Info: Margin note 34.3 is on absolute page 35
(marginnote)              on input line 8.
Package marginnote Info: xpos seems to be 436.34123pt,
(marginnote)             \marginnoterightadjust ignored on input line 8.
 [20]) (remaining/onlineshopping.tex
Package marginnote Info: Margin note 35.1 is on absolute page 35
(marginnote)              on input line 7.
Package marginnote Info: xpos seems to be 357.58301pt,
(marginnote)             \marginnoterightadjust ignored on input line 7.
)
(remaining/linuxmagistrate.tex
Package marginnote Info: Margin note 35.2 is on absolute page 35
(marginnote)              on input line 8.
Package marginnote Info: xpos seems to be 359.97803pt,
(marginnote)             \marginnoterightadjust ignored on input line 8.
 [21]) (remaining/epidemicsurveillance.tex
Package marginnote Info: Margin note 36.1 is on absolute page 36
(marginnote)              on input line 9.
Package marginnote Info: xpos seems to be 427.78625pt,
(marginnote)             \marginnoteleftadjust ignored on input line 9.
)
(remaining/iptelephony.tex
Package marginnote Info: Margin note 36.2 is on absolute page 36
(marginnote)              on input line 8.
Package marginnote Info: xpos seems to be 346.20387pt,
(marginnote)             \marginnoteleftadjust ignored on input line 8.
) (remaining/virtualsupercomputing.tex
Package marginnote Info: Margin note 36.3 is on absolute page 37
(marginnote)              on input line 10.
Package marginnote Info: xpos seems to be 441.32458pt,
(marginnote)             \marginnoterightadjust ignored on input line 10.
 [22])
(remaining/snowracer.tex
Package marginnote Info: Margin note 37.1 is on absolute page 37
(marginnote)              on input line 8.
Package marginnote Info: xpos seems to be 442.35713pt,
(marginnote)             \marginnoterightadjust ignored on input line 8.
) [23] [24

] [25] (2011/beautyproductrecommend.tex
Package marginnote Info: Margin note 40.1 is on absolute page 40
(marginnote)              on input line 9.
Package marginnote Info: xpos seems to be 447.84877pt,
(marginnote)             \marginnoteleftadjust ignored on input line 9.
)
(2011/BudgetVisualizationandAnalysisTool.tex
Package marginnote Info: Margin note 40.2 is on absolute page 40
(marginnote)              on input line 7.
Package marginnote Info: xpos seems to be 442.0846pt,
(marginnote)             \marginnoteleftadjust ignored on input line 7.
) (2011/ChaseMe.tex
Package marginnote Info: Margin note 40.3 is on absolute page 40
(marginnote)              on input line 7.
Package marginnote Info: xpos seems to be 334.01141pt,
(marginnote)             \marginnoteleftadjust ignored on input line 7.
 [26]
Overfull \hbox (0.57782pt too wide) in paragraph at lines 20--21
[]\OT1/cmr/m/n/12 3.1.anyone who is on-line(other play-ers who are cur-rrently 
avail-able for the game):-
 []


Underfull \hbox (badness 10000) in paragraph at lines 20--21

 []

) (DrivingLicenseManagement.tex
Package marginnote Info: Margin note 41.1 is on absolute page 41
(marginnote)              on input line 7.
Package marginnote Info: xpos seems to be 405.17383pt,
(marginnote)             \marginnoterightadjust ignored on input line 7.
Missing character: There is no ‚ in font cmr12!
Missing character: There is no Ä in font cmr12!
Missing character: There is no ú in font cmr12!
Missing character: There is no ‚ in font cmr12!
Missing character: There is no Ä in font cmr12!
Missing character: There is no ù in font cmr12!
) (2011/E-Commerce.tex [27]
Package marginnote Info: Margin note 42.1 is on absolute page 42
(marginnote)              on input line 7.
Package marginnote Info: xpos seems to be 344.47057pt,
(marginnote)             \marginnoteleftadjust ignored on input line 7.
)
(2011/EPISODERecommender.tex
Package marginnote Info: Margin note 42.2 is on absolute page 42
(marginnote)              on input line 7.
Package marginnote Info: xpos seems to be 388.14055pt,
(marginnote)             \marginnoteleftadjust ignored on input line 7.
Missing character: There is no ‚ in font cmr12!
Missing character: There is no Ä in font cmr12!
Missing character: There is no ¢ in font cmr12!
Missing character: There is no ‚ in font cmr12!
Missing character: There is no Ä in font cmr12!
Missing character: There is no ¢ in font cmr12!
Missing character: There is no ‚ in font cmr12!
Missing character: There is no Ä in font cmr12!
Missing character: There is no ¢ in font cmr12!
) (2011/ExposeNepal.tex [28]
Package marginnote Info: Margin note 43.1 is on absolute page 43
(marginnote)              on input line 8.
Package marginnote Info: xpos seems to be 350.12805pt,
(marginnote)             \marginnoterightadjust ignored on input line 8.
)
(2011/HistoricNepal.tex
Package marginnote Info: Margin note 43.2 is on absolute page 43
(marginnote)              on input line 7.
Package marginnote Info: xpos seems to be 353.00723pt,
(marginnote)             \marginnoterightadjust ignored on input line 7.
) (2011/Mentor.tex
Package marginnote Info: Margin note 43.3 is on absolute page 44
(marginnote)              on input line 6.
Package marginnote Info: xpos seems to be 324.91641pt,
(marginnote)             \marginnoteleftadjust ignored on input line 6.
 [29]) (2011/NepaliAdsense.tex
Package marginnote Info: Margin note 44.1 is on absolute page 44
(marginnote)              on input line 7.
Package marginnote Info: xpos seems to be 353.31891pt,
(marginnote)             \marginnoteleftadjust ignored on input line 7.
)
[30] [31

] ("2012/Accounting for inventory and sales management system.tex"
Package marginnote Info: Margin note 46.1 is on absolute page 46
(marginnote)              on input line 7.
Package marginnote Info: xpos seems to be 500.73119pt,
(marginnote)             \marginnoteleftadjust ignored on input line 7.
Missing character: There is no ‚ in font cmr12!
Missing character: There is no Ä in font cmr12!
Missing character: There is no ò in font cmr12!
Missing character: There is no ‚ in font cmr12!
Missing character: There is no Ä in font cmr12!
Missing character: There is no ô in font cmr12!
Missing character: There is no ‚ in font cmr12!
Missing character: There is no Ä in font cmr12!
Missing character: There is no ò in font cmr12!
Missing character: There is no ‚ in font cmr12!
Missing character: There is no Ä in font cmr12!
Missing character: There is no ô in font cmr12!
)
("2012/AI Enabled Chatbot.tex"
Package marginnote Info: Margin note 46.2 is on absolute page 46
(marginnote)              on input line 8.
Package marginnote Info: xpos seems to be 374.04968pt,
(marginnote)             \marginnoteleftadjust ignored on input line 8.
) ("2012/Analysis on Recommendation System.tex"
[32]
Package marginnote Info: Margin note 47.1 is on absolute page 47
(marginnote)              on input line 8.
Package marginnote Info: xpos seems to be 434.85963pt,
(marginnote)             \marginnoterightadjust ignored on input line 8.
) (2012/BADS.tex
Package marginnote Info: Margin note 47.2 is on absolute page 47
(marginnote)              on input line 6.
Package marginnote Info: xpos seems to be 328.47308pt,
(marginnote)             \marginnoterightadjust ignored on input line 6.
Missing character: There is no ‚ in font cmr12!
Missing character: There is no Ä in font cmr12!
Missing character: There is no ô in font cmr12!
Missing character: There is no ‚ in font cmr12!
Missing character: There is no Ä in font cmr12!
Missing character: There is no ô in font cmr12!
Missing character: There is no ‚ in font cmr12!
Missing character: There is no Ä in font cmr12!
Missing character: There is no ô in font cmr12!
Missing character: There is no ‚ in font cmr12!
Missing character: There is no Ä in font cmr12!
Missing character: There is no ô in font cmr12!
) ("2012/Clinic Aid.tex" [33]
Package marginnote Info: Margin note 48.1 is on absolute page 48
(marginnote)              on input line 8.
Package marginnote Info: xpos seems to be 335.02054pt,
(marginnote)             \marginnoteleftadjust ignored on input line 8.
Missing character: There is no ‚ in font cmr12!
Missing character: There is no Ä in font cmr12!
Missing character: There is no ú in font cmr12!
Missing character: There is no ‚ in font cmr12!
Missing character: There is no Ä in font cmr12!
Missing character: There is no ù in font cmr12!
Missing character: There is no ‚ in font cmr12!
Missing character: There is no Ä in font cmr12!
Missing character: There is no ¢ in font cmr12!
Missing character: There is no ‚ in font cmr12!
Missing character: There is no Ä in font cmr12!
Missing character: There is no ¢ in font cmr12!
Missing character: There is no ‚ in font cmr12!
Missing character: There is no Ä in font cmr12!
Missing character: There is no ¢ in font cmr12!
Missing character: There is no ‚ in font cmr12!
Missing character: There is no Ä in font cmr12!
Missing character: There is no ¢ in font cmr12!
Missing character: There is no ‚ in font cmr12!
Missing character: There is no Ä in font cmr12!
Missing character: There is no ¢ in font cmr12!
) ("2012/Farmer Market.tex"
Package marginnote Info: Margin note 48.2 is on absolute page 48
(marginnote)              on input line 8.
Package marginnote Info: xpos seems to be 355.39554pt,
(marginnote)             \marginnoteleftadjust ignored on input line 8.
Missing character: There is no ‚ in font cmr12!
Missing character: There is no Ä in font cmr12!
Missing character: There is no ú in font cmr12!
Missing character: There is no ‚ in font cmr12!
Missing character: There is no Ä in font cmr12!
Missing character: There is no ù in font cmr12!
Missing character: There is no ‚ in font cmr12!
Missing character: There is no Ä in font cmr12!
Missing character: There is no ô in font cmr12!
Missing character: There is no ‚ in font cmr12!
Missing character: There is no Ä in font cmr12!
Missing character: There is no ô in font cmr12!
)
("2012/GHAR JAGGA.tex" [34]
Package marginnote Info: Margin note 49.1 is on absolute page 49
(marginnote)              on input line 8.
Package marginnote Info: xpos seems to be 342.42471pt,
(marginnote)             \marginnoterightadjust ignored on input line 8.
Missing character: There is no ‚ in font cmr12!
Missing character: There is no Ä in font cmr12!
Missing character: There is no ® in font cmr12!
Missing character: There is no ‚ in font cmr12!
Missing character: There is no Ä in font cmr12!
Missing character: There is no ú in font cmr12!
Missing character: There is no ‚ in font cmr12!
Missing character: There is no Ä in font cmr12!
Missing character: There is no ù in font cmr12!
Missing character: There is no ‚ in font cmr12!
Missing character: There is no Ä in font cmr12!
Missing character: There is no ô in font cmr12!
) (2012/NepaliMade.tex
Package marginnote Info: Margin note 49.2 is on absolute page 49
(marginnote)              on input line 8.
Package marginnote Info: xpos seems to be 341.53723pt,
(marginnote)             \marginnoterightadjust ignored on input line 8.
Missing character: There is no ‚ in font cmr12!
Missing character: There is no Ä in font cmr12!
Missing character: There is no ú in font cmr12!
Missing character: There is no ‚ in font cmr12!
Missing character: There is no Ä in font cmr12!
Missing character: There is no ù in font cmr12!
Missing character: There is no ‚ in font cmr12!
Missing character: There is no Ä in font cmr12!
Missing character: There is no ô in font cmr12!
Missing character: There is no ‚ in font cmr12!
Missing character: There is no Ä in font cmr12!
Missing character: There is no ¢ in font cmr12!
Missing character: There is no ‚ in font cmr12!
Missing character: There is no Ä in font cmr12!
Missing character: There is no ¢ in font cmr12!
Missing character: There is no ‚ in font cmr12!
Missing character: There is no Ä in font cmr12!
Missing character: There is no ¢ in font cmr12!
 [35]
Missing character: There is no ‚ in font cmr12!
Missing character: There is no Ä in font cmr12!
Missing character: There is no ¢ in font cmr12!
)
("2012/Online Patient Portal.tex"
Package marginnote Info: Margin note 50.1 is on absolute page 50
(marginnote)              on input line 8.
Package marginnote Info: xpos seems to be 377.90381pt,
(marginnote)             \marginnoteleftadjust ignored on input line 8.
Missing character: There is no ‚ in font cmr12!
Missing character: There is no Ä in font cmr12!
Missing character: There is no ô in font cmr12!
Missing character: There is no ‚ in font cmr12!
Missing character: There is no Ä in font cmr12!
Missing character: There is no ô in font cmr12!
) ("2012/OUTSOURCING NEPAL.tex"
Package marginnote Info: Margin note 50.2 is on absolute page 51
(marginnote)              on input line 8.
Package marginnote Info: xpos seems to be 365.3572pt,
(marginnote)             \marginnoterightadjust ignored on input line 8.
Missing character: There is no ‚ in font cmr12!
Missing character: There is no Ä in font cmr12!
Missing character: There is no ¢ in font cmr12!
 [36]
Missing character: There is no ‚ in font cmr12!
Missing character: There is no Ä in font cmr12!
Missing character: There is no ¢ in font cmr12!
Missing character: There is no ‚ in font cmr12!
Missing character: There is no Ä in font cmr12!
Missing character: There is no ¢ in font cmr12!
Missing character: There is no ‚ in font cmr12!
Missing character: There is no Ä in font cmr12!
Missing character: There is no ¢ in font cmr12!
Missing character: There is no ‚ in font cmr12!
Missing character: There is no Ä in font cmr12!
Missing character: There is no ¢ in font cmr12!

Overfull \hbox (14.94853pt too wide) in paragraph at lines 28--32
[] \OT1/cmr/m/n/12 Learn-ing new sub-jects from the guide-lines of other Nepale
se ex-perts.*(OPTIONAL) 
 []

) ("2012/Portfolio Management.tex"
Package marginnote Info: Margin note 51.1 is on absolute page 51
(marginnote)              on input line 8.
Package marginnote Info: xpos seems to be 378.02051pt,
(marginnote)             \marginnoterightadjust ignored on input line 8.
Missing character: There is no ‚ in font cmr12!
Missing character: There is no Ä in font cmr12!
Missing character: There is no ú in font cmr12!
Missing character: There is no ‚ in font cmr12!
Missing character: There is no Ä in font cmr12!
Missing character: There is no ù in font cmr12!
) [37] [38

] [39] ("2013/AYO GORKHALI.tex"
Package marginnote Info: Margin note 54.1 is on absolute page 54
(marginnote)              on input line 9.
Package marginnote Info: xpos seems to be 349.30804pt,
(marginnote)             \marginnoteleftadjust ignored on input line 9.
LaTeX Font Info:    External font `cmex10' loaded for size
(Font)              <10.95> on input line 9.
Missing character: There is no ‚ in font cmr12!
Missing character: There is no Ä in font cmr12!
Missing character: There is no ô in font cmr12!
Missing character: There is no ‚ in font cmr12!
Missing character: There is no Ä in font cmr12!
Missing character: There is no ú in font cmr12!
Missing character: There is no ‚ in font cmr12!
Missing character: There is no Ä in font cmr12!
Missing character: There is no ù in font cmr12!
)
(2013/BikeRentalSystem.tex
Package marginnote Info: Margin note 54.2 is on absolute page 54
(marginnote)              on input line 6.
Package marginnote Info: xpos seems to be 368.82385pt,
(marginnote)             \marginnoteleftadjust ignored on input line 6.
) (2013/CarRush.tex [40]
Package marginnote Info: Margin note 55.1 is on absolute page 55
(marginnote)              on input line 5.
Package marginnote Info: xpos seems to be 330.05307pt,
(marginnote)             \marginnoterightadjust ignored on input line 5.
Missing character: There is no ‚ in font cmr12!
Missing character: There is no Ä in font cmr12!
Missing character: There is no ú in font cmr12!
Missing character: There is no ‚ in font cmr12!
Missing character: There is no Ä in font cmr12!
Missing character: There is no ù in font cmr12!
) (2013/ColzMS.tex
Package marginnote Info: Margin note 55.2 is on absolute page 55
(marginnote)              on input line 7.
Package marginnote Info: xpos seems to be 326.68724pt,
(marginnote)             \marginnoterightadjust ignored on input line 7.
Missing character: There is no ‚ in font cmr12!
Missing character: There is no Ä in font cmr12!
Missing character: There is no ú in font cmr12!
Missing character: There is no ‚ in font cmr12!
Missing character: There is no Ä in font cmr12!
Missing character: There is no ù in font cmr12!
 [41])
(2013/eTaxiService.tex
Package marginnote Info: Margin note 56.1 is on absolute page 56
(marginnote)              on input line 6.
Package marginnote Info: xpos seems to be 345.89554pt,
(marginnote)             \marginnoteleftadjust ignored on input line 6.
) ("2013/GCES CRM.tex" [42]
Package marginnote Info: Margin note 57.1 is on absolute page 57
(marginnote)              on input line 7.
Package marginnote Info: xpos seems to be 318.32893pt,
(marginnote)             \marginnoterightadjust ignored on input line 7.
)
("2013/Lavender Hospital Management System.tex"
Package marginnote Info: Margin note 57.2 is on absolute page 57
(marginnote)              on input line 7.
Package marginnote Info: xpos seems to be 440.0896pt,
(marginnote)             \marginnoterightadjust ignored on input line 7.
Missing character: There is no ‚ in font cmr12!
Missing character: There is no Ä in font cmr12!
Missing character: There is no ú in font cmr12!
Missing character: There is no ‚ in font cmr12!
Missing character: There is no Ä in font cmr12!
Missing character: There is no ù in font cmr12!
 [43])
(2013/LocalGovernanceInformationSystem.tex
Package marginnote Info: Margin note 58.1 is on absolute page 58
(marginnote)              on input line 7.
Package marginnote Info: xpos seems to be 462.56541pt,
(marginnote)             \marginnoteleftadjust ignored on input line 7.
) (2013/MazeVR.tex
Package marginnote Info: Margin note 58.2 is on absolute page 58
(marginnote)              on input line 5.
Package marginnote Info: xpos seems to be 332.52893pt,
(marginnote)             \marginnoteleftadjust ignored on input line 5.
Missing character: There is no ‚ in font cmr12!
Missing character: There is no Ä in font cmr12!
Missing character: There is no ú in font cmr12!
Missing character: There is no ‚ in font cmr12!
Missing character: There is no Ä in font cmr12!
Missing character: There is no ù in font cmr12!
) (2013/Pharmex.tex [44]
Package marginnote Info: Margin note 59.1 is on absolute page 59
(marginnote)              on input line 6.
Package marginnote Info: xpos seems to be 330.7539pt,
(marginnote)             \marginnoterightadjust ignored on input line 6.
Missing character: There is no ‚ in font cmr12!
Missing character: There is no Ä in font cmr12!
Missing character: There is no ú in font cmr12!
Missing character: There is no ‚ in font cmr12!
Missing character: There is no Ä in font cmr12!
Missing character: There is no ù in font cmr12!
Missing character: There is no ‚ in font cmr12!
Missing character: There is no Ä in font cmr12!
Missing character: There is no ô in font cmr12!
Missing character: There is no ‚ in font cmr12!
Missing character: There is no Ä in font cmr12!
Missing character: There is no ô in font cmr12!
) (2013/RoutesNepal.tex
Package marginnote Info: Margin note 59.2 is on absolute page 59
(marginnote)              on input line 7.
Package marginnote Info: xpos seems to be 346.80307pt,
(marginnote)             \marginnoterightadjust ignored on input line 7.
Missing character: There is no ‚ in font cmr12!
Missing character: There is no Ä in font cmr12!
Missing character: There is no ¢ in font cmr12!
) ("2013/Survival Shooting.tex" [45]
Package marginnote Info: Margin note 60.1 is on absolute page 60
(marginnote)              on input line 6.
Package marginnote Info: xpos seems to be 361.57466pt,
(marginnote)             \marginnoteleftadjust ignored on input line 6.
Missing character: There is no ‚ in font cmr12!
Missing character: There is no Ä in font cmr12!
Missing character: There is no ú in font cmr12!
Missing character: There is no ‚ in font cmr12!
Missing character: There is no Ä in font cmr12!
Missing character: There is no ù in font cmr12!
Missing character: There is no ‚ in font cmr12!
Missing character: There is no Ä in font cmr12!
Missing character: There is no ú in font cmr12!
Missing character: There is no ‚ in font cmr12!
Missing character: There is no Ä in font cmr12!
Missing character: There is no ù in font cmr12!
Missing character: There is no ‚ in font cmr12!
Missing character: There is no Ä in font cmr12!
Missing character: There is no ô in font cmr12!
)
(2013/Zyaala.tex
Package marginnote Info: Margin note 60.2 is on absolute page 60
(marginnote)              on input line 7.
Package marginnote Info: xpos seems to be 321.81639pt,
(marginnote)             \marginnoteleftadjust ignored on input line 7.
) [46]
runsystem(makeindex document.idx)...executed (allowed).

 (document.ind
Missing character: There is no ‚ in font cmr12!
Missing character: There is no Ä in font cmr12!
Missing character: There is no ® in font cmr12!
 [47



] [48] [49])
Package atveryend Info: Empty hook `BeforeClearDocument' on input line 224.
 [50]
Package atveryend Info: Empty hook `AfterLastShipout' on input line 224.
 (document.aux)
Package atveryend Info: Executing hook `AtVeryEndDocument' on input line 224.
Package atveryend Info: Executing hook `AtEndAfterFileList' on input line 224.
Package rerunfilecheck Info: File `document.out' has not changed.
(rerunfilecheck)             Checksum: 72DD79C23F7AF4ABDA19C16006AC556A;11122.
Package atveryend Info: Empty hook `AtVeryVeryEnd' on input line 224.
 ) 
Here is how much of TeX's memory you used:
 7572 strings out of 493323
 112068 string characters out of 3139069
 312864 words of memory out of 3000000
 10575 multiletter control sequences out of 15000+200000
 12247 words of font info for 42 fonts, out of 3000000 for 9000
 1141 hyphenation exceptions out of 8191
 30i,8n,40p,1653b,476s stack positions out of 5000i,500n,10000p,200000b,50000s
<C:/Program Files/MiKTeX 2.9/fonts/type1/public/amsfonts/cm/cmbx12.pfb><C:/Pr
ogram Files/MiKTeX 2.9/fonts/type1/public/amsfonts/cm/cmcsc10.pfb><C:/Program F
iles/MiKTeX 2.9/fonts/type1/public/amsfonts/cm/cmr10.pfb><C:/Program Files/MiKT
eX 2.9/fonts/type1/public/amsfonts/cm/cmr12.pfb><C:/Program Files/MiKTeX 2.9/fo
nts/type1/public/amsfonts/cm/cmr17.pfb><C:/Program Files/MiKTeX 2.9/fonts/type1
/public/amsfonts/cm/cmr8.pfb><C:/Program Files/MiKTeX 2.9/fonts/type1/public/am
sfonts/cm/cmsl12.pfb><C:/Program Files/MiKTeX 2.9/fonts/type1/public/amsfonts/c
m/cmss17.pfb><C:/Program Files/MiKTeX 2.9/fonts/type1/public/amsfonts/cm/cmsy10
.pfb><C:/Program Files/MiKTeX 2.9/fonts/type1/public/amsfonts/cm/cmti12.pfb>
Output written on document.pdf (64 pages, 2039143 bytes).
PDF statistics:
 1143 PDF objects out of 1200 (max. 8388607)
 162 named destinations out of 1000 (max. 500000)
 750 words of extra memory for PDF output out of 10000 (max. 10000000)

